<?xml version="1.0" encoding="UTF-8"?>
<!-- Generated by org.testng.reporters.JUnitReportReporter -->
<testsuite skipped="0" hostname="DESKTOP-PUB9HCK" name="com.crm.qa.testcases.HomePageTest" tests="3" failures="0" timestamp="24 Mar 2020 20:37:05 GMT" time="47.608" errors="0">
  <testcase name="verifyHomePageTitleTest" time="13.354" classname="com.crm.qa.testcases.HomePageTest"/>
  <testcase name="verifyUserNameTest" time="16.153" classname="com.crm.qa.testcases.HomePageTest"/>
  <testcase name="verifyContactsLinkTest" time="18.101" classname="com.crm.qa.testcases.HomePageTest"/>
</testsuite> <!-- com.crm.qa.testcases.HomePageTest -->
