<?xml version="1.0" encoding="UTF-8"?>
<!-- Generated by org.testng.reporters.JUnitReportReporter -->
<testsuite skipped="0" hostname="DESKTOP-PUB9HCK" name="com.crm.qa.testcases.LoginPageTest" tests="3" failures="0" timestamp="24 Mar 2020 20:37:05 GMT" time="37.885" errors="0">
  <testcase name="loginPageTitleTest" time="10.991" classname="com.crm.qa.testcases.LoginPageTest"/>
  <testcase name="crmLogoImageTest" time="11.403" classname="com.crm.qa.testcases.LoginPageTest"/>
  <testcase name="loginTest" time="15.491" classname="com.crm.qa.testcases.LoginPageTest"/>
</testsuite> <!-- com.crm.qa.testcases.LoginPageTest -->
